D:\Programs\Sonore>sacd_extract.exe -i D:\Media\DireStraits.iso -P
Disc Information:

        Version:  1.20
        Creation date: 2017-08-18
        Catalog Number: UDSACD 2184
        Category: General
        Genre: Rock Music
        Locale: en
        Title: Dire Straits
        Artist: Dire Straits
        Copyright: 2017

Album Information:

        Catalog Number: UDSACD 2184
        Sequence Number: 1
        Set Size: 1
        Category: General
        Genre: Rock Music
        Locale: en
        Title: Dire Straits
        Artist: Dire Straits
        Copyright: 2017

Area count: 1
        Area Information [0]:

        Version:  1.20
        Area Description Phonetic: Dire Straits
        Track Count: 9
        Speaker config: 2 Channel
        Track list [0]:
                Title[0]: Down To The Waterline
                Performer[0]: Dire Straits
                Songwriter[0]: M. Knopfler
                Title[1]: Water Of Love
                Performer[1]: Dire Straits
                Songwriter[1]: M. Knopfler
                Title[2]: Setting Me Up
                Performer[2]: Dire Straits
                Songwriter[2]: M. Knopfler
                Title[3]: Six Blade Knife
                Performer[3]: Dire Straits
                Songwriter[3]: M. Knopfler
                Title[4]: Southbound Again
                Performer[4]: Dire Straits
                Songwriter[4]: M. Knopfler
                Title[5]: Sultans Of Swing
                Performer[5]: Dire Straits
                Songwriter[5]: M. Knopfler
                Title[6]: In The Gallery
                Performer[6]: Dire Straits
                Songwriter[6]: M. Knopfler
                Title[7]: Wild West End
                Performer[7]: Dire Straits
                Songwriter[7]: M. Knopfler
                Title[8]: Lions
                Performer[8]: Dire Straits
                Songwriter[8]: M. Knopfler
        ISRC Track [0]:
          Country: GB, Owner: F08, Year: 78, Designation: 00019
        ISRC Track [1]:
          Country: GB, Owner: F08, Year: 78, Designation: 00639
        ISRC Track [2]:
          Country: GB, Owner: F08, Year: 96, Designation: 01038
        ISRC Track [3]:
          Country: GB, Owner: F08, Year: 96, Designation: 01039
        ISRC Track [4]:
          Country: GB, Owner: F08, Year: 96, Designation: 01040
        ISRC Track [5]:
          Country: GB, Owner: F08, Year: 96, Designation: 01041
        ISRC Track [6]:
          Country: GB, Owner: F08, Year: 96, Designation: 01042
        ISRC Track [7]:
          Country: GB, Owner: F08, Year: 96, Designation: 01043
        ISRC Track [8]:
          Country: GB, Owner: F08, Year: 96, Designation: 01044
